<?xml version="1.0" encoding="UTF-8"?>
<testsuite name="ATB6xRestAssured"
           tests="3"
           failures="0"
           errors="0"
           skipped="0"
           time="0.000">
    <properties></properties>



            <testcase
                name="testMethodB"
                time="0.000"
                classname="June.Ex25062024.Lab020">
            </testcase>
            <testcase
                name="testMethodA"
                time="0.000"
                classname="June.Ex25062024.Lab020">
            </testcase>
            <testcase
                name="testMethodC"
                time="0.000"
                classname="June.Ex25062024.Lab020">
            </testcase>
</testsuite>
