<?xml version="1.0" encoding="UTF-8"?>
<testsuite name="ATB6xRestAssured"
           tests="2"
           failures="0"
           errors="0"
           skipped="0"
           time="2.593">
    <properties></properties>



            <testcase
                name="testNonBDDStylePOSTNegative"
                time="1.300"
                classname="June.Ex22062024.POST.Lab013_NonBDD">
            </testcase>
            <testcase
                name="testNonBDDStylePOSTPositive"
                time="1.293"
                classname="June.Ex22062024.POST.Lab013_NonBDD">
            </testcase>
</testsuite>
